{
  "RSpec": {
    "coverage": {
      "/Users/shane/turing_work/2mod/projects/hang_in_there_api/app/models/poster.rb": {
        "lines": [
          1,
          null,
          null
        ]
      },
      "/Users/shane/turing_work/2mod/projects/hang_in_there_api/app/models/application_record.rb": {
        "lines": [
          1,
          1,
          null
        ]
      },
      "/Users/shane/turing_work/2mod/projects/hang_in_there_api/app/controllers/api/v1/posters_controller.rb": {
        "lines": [
          1,
          1,
          1,
          null,
          null
        ]
      },
      "/Users/shane/turing_work/2mod/projects/hang_in_there_api/app/controllers/application_controller.rb": {
        "lines": [
          1,
          null
        ]
      },
      "/Users/shane/turing_work/2mod/projects/hang_in_there_api/app/channels/application_cable/channel.rb": {
        "lines": [
          0,
          0,
          0,
          0
        ],
        "branches": {
        }
      },
      "/Users/shane/turing_work/2mod/projects/hang_in_there_api/app/channels/application_cable/connection.rb": {
        "lines": [
          0,
          0,
          0,
          0
        ],
        "branches": {
        }
      },
      "/Users/shane/turing_work/2mod/projects/hang_in_there_api/app/jobs/application_job.rb": {
        "lines": [
          0,
          null,
          null,
          null,
          null,
          null,
          0
        ],
        "branches": {
        }
      },
      "/Users/shane/turing_work/2mod/projects/hang_in_there_api/app/mailers/application_mailer.rb": {
        "lines": [
          0,
          0,
          0,
          0
        ],
        "branches": {
        }
      }
    },
    "timestamp": 1725484018
  }
}
